<?xml version="1.0" encoding="UTF-8"?>
<!-- Generated by org.testng.reporters.JUnitXMLReporter -->
<testsuite hostname="LAPTOP-RPKGN613" failures="0" tests="3" name="Command line test" time="125.652" errors="0" timestamp="6 Dec 2022 00:25:38 GMT">
  <testcase classname="SignInTest" name="testJoscoSigninTestCase1" time="14.01"/>
  <testcase classname="SignInTest" name="testJoscoTestCase3" time="43.793"/>
  <testcase classname="SignInTest" name="testProductCheckTestCase2" time="56.99"/>
</testsuite> <!-- Command line test -->
