<?xml version="1.0" encoding="UTF-8"?>
<!-- Generated by org.testng.reporters.JUnitXMLReporter -->
<testsuite hostname="LAPTOP-RPKGN613" failures="0" tests="3" name="Command line test" time="97.021" errors="0" timestamp="2 Dec 2022 20:03:48 GMT">
  <testcase classname="SignInTest" name="testJoscoSigninTestCase1" time="9.377"/>
  <testcase classname="SignInTest" name="testJoscoTestCase3" time="43.342"/>
  <testcase classname="SignInTest" name="testProductCheckTestCase2" time="37.828"/>
</testsuite> <!-- Command line test -->
