<?xml version="1.0" encoding="UTF-8"?>
<testng-results total="3" passed="3" failed="0" skipped="0">
  <reporter-output>
  </reporter-output>
  <suite started-at="2022-12-02T20:02:11Z" name="SignInTest" finished-at="2022-12-02T20:03:48Z" duration-ms="97021">
    <groups>
    </groups>
    <test started-at="2022-12-02T20:02:11Z" name="Command line test" finished-at="2022-12-02T20:03:48Z" duration-ms="97021">
      <class name="SignInTest">
        <test-method is-config="true" signature="setUpClass()[pri:0, instance:SignInTest@10dba097]" started-at="2022-12-02T14:02:11Z" name="setUpClass" finished-at="2022-12-02T14:02:11Z" duration-ms="7" status="PASS">
          <reporter-output>
          </reporter-output>
        </test-method> <!-- setUpClass -->
        <test-method is-config="true" signature="setUpMethod()[pri:0, instance:SignInTest@10dba097]" started-at="2022-12-02T14:02:11Z" name="setUpMethod" finished-at="2022-12-02T14:02:14Z" duration-ms="2783" status="PASS">
          <reporter-output>
          </reporter-output>
        </test-method> <!-- setUpMethod -->
        <test-method signature="testJoscoSigninTestCase1()[pri:0, instance:SignInTest@10dba097]" started-at="2022-12-02T14:02:14Z" name="testJoscoSigninTestCase1" finished-at="2022-12-02T14:02:23Z" duration-ms="9377" status="PASS">
          <reporter-output>
          </reporter-output>
        </test-method> <!-- testJoscoSigninTestCase1 -->
        <test-method is-config="true" signature="tearDownMethod()[pri:0, instance:SignInTest@10dba097]" started-at="2022-12-02T14:02:23Z" name="tearDownMethod" finished-at="2022-12-02T14:02:23Z" duration-ms="1" status="PASS">
          <reporter-output>
          </reporter-output>
        </test-method> <!-- tearDownMethod -->
        <test-method is-config="true" signature="setUpMethod()[pri:0, instance:SignInTest@10dba097]" started-at="2022-12-02T14:02:23Z" name="setUpMethod" finished-at="2022-12-02T14:02:25Z" duration-ms="1713" status="PASS">
          <reporter-output>
          </reporter-output>
        </test-method> <!-- setUpMethod -->
        <test-method signature="testJoscoTestCase3()[pri:0, instance:SignInTest@10dba097]" started-at="2022-12-02T14:02:25Z" name="testJoscoTestCase3" finished-at="2022-12-02T14:03:08Z" duration-ms="43342" status="PASS">
          <reporter-output>
          </reporter-output>
        </test-method> <!-- testJoscoTestCase3 -->
        <test-method is-config="true" signature="tearDownMethod()[pri:0, instance:SignInTest@10dba097]" started-at="2022-12-02T14:03:08Z" name="tearDownMethod" finished-at="2022-12-02T14:03:08Z" duration-ms="1" status="PASS">
          <reporter-output>
          </reporter-output>
        </test-method> <!-- tearDownMethod -->
        <test-method is-config="true" signature="setUpMethod()[pri:0, instance:SignInTest@10dba097]" started-at="2022-12-02T14:03:08Z" name="setUpMethod" finished-at="2022-12-02T14:03:10Z" duration-ms="1956" status="PASS">
          <reporter-output>
          </reporter-output>
        </test-method> <!-- setUpMethod -->
        <test-method signature="testProductCheckTestCase2()[pri:0, instance:SignInTest@10dba097]" started-at="2022-12-02T14:03:10Z" name="testProductCheckTestCase2" finished-at="2022-12-02T14:03:48Z" duration-ms="37828" status="PASS">
          <reporter-output>
          </reporter-output>
        </test-method> <!-- testProductCheckTestCase2 -->
        <test-method is-config="true" signature="tearDownMethod()[pri:0, instance:SignInTest@10dba097]" started-at="2022-12-02T14:03:48Z" name="tearDownMethod" finished-at="2022-12-02T14:03:48Z" duration-ms="1" status="PASS">
          <reporter-output>
          </reporter-output>
        </test-method> <!-- tearDownMethod -->
        <test-method is-config="true" signature="tearDownClass()[pri:0, instance:SignInTest@10dba097]" started-at="2022-12-02T14:03:48Z" name="tearDownClass" finished-at="2022-12-02T14:03:48Z" duration-ms="0" status="PASS">
          <reporter-output>
          </reporter-output>
        </test-method> <!-- tearDownClass -->
      </class> <!-- SignInTest -->
    </test> <!-- Command line test -->
  </suite> <!-- SignInTest -->
</testng-results>
